Arguments: 
  /home/martiiian/.nvm/versions/node/v14.15.3/bin/node /home/martiiian/.nvm/versions/node/v14.15.3/bin/yarn init

PATH: 
  /home/martiiian/.deno/bin:/home/martiiian/Programs/Liquidbase:/home/martiiian/.deno/bin:/home/martiiian/Programs/Liquidbase:/home/martiiian/.nvm/versions/node/v14.15.3/bin:/usr/local/sbin:/usr/local/bin:/usr/sbin:/usr/bin:/sbin:/bin:/usr/games:/usr/local/games:/snap/bin:/usr/lib/jvm/jdk1.8.0_131/bin:/usr/local/go/bin:/home/martiiian/.antigen/bundles/robbyrussell/oh-my-zsh/lib:/home/martiiian/.antigen/bundles/robbyrussell/oh-my-zsh/plugins/git:/home/martiiian/.antigen/bundles/robbyrussell/oh-my-zsh/plugins/heroku:/home/martiiian/.antigen/bundles/robbyrussell/oh-my-zsh/plugins/pip:/home/martiiian/.antigen/bundles/robbyrussell/oh-my-zsh/plugins/lein:/home/martiiian/.antigen/bundles/robbyrussell/oh-my-zsh/plugins/command-not-found:/home/martiiian/.antigen/bundles/robbyrussell/oh-my-zsh/plugins/tmux:/home/martiiian/.antigen/bundles/robbyrussell/oh-my-zsh/plugins/docker-compose:/home/martiiian/.antigen/bundles/robbyrussell/oh-my-zsh/plugins/docker-machine:/home/martiiian/.antigen/bundles/robbyrussell/oh-my-zsh/plugins/docker:/home/martiiian/.antigen/bundles/robbyrussell/oh-my-zsh/plugins/rust:/home/martiiian/.antigen/bundles/robbyrussell/oh-my-zsh/plugins/yarn:/home/martiiian/.antigen/bundles/robbyrussell/oh-my-zsh/plugins/ssh-agent:/home/martiiian/.antigen/bundles/mafredri/zsh-async:/home/martiiian/.antigen/bundles/zsh-users/zsh-syntax-highlighting:/home/martiiian/.antigen/bundles/zsh-users/zsh-autosuggestions:/home/martiiian/.antigen/bundles/zsh-users/zsh-completions:/home/martiiian/.fzf/bin

Yarn version: 
  1.22.10

Node version: 
  14.15.3

Platform: 
  linux x64

Trace: 
  Error: canceled
      at Interface.<anonymous> (/home/martiiian/.nvm/versions/node/v14.15.3/lib/node_modules/yarn/lib/cli.js:136216:13)
      at Interface.emit (events.js:315:20)
      at Interface._ttyWrite (readline.js:875:16)
      at ReadStream.onkeypress (readline.js:213:10)
      at ReadStream.emit (events.js:315:20)
      at emitKeys (internal/readline/utils.js:345:14)
      at emitKeys.next (<anonymous>)
      at ReadStream.onData (readline.js:1144:36)
      at ReadStream.emit (events.js:315:20)
      at addChunk (internal/streams/readable.js:309:12)

npm manifest: 
  No manifest

yarn manifest: 
  No manifest

Lockfile: 
  No lockfile
